# JRE version: OpenJDK Runtime Environment Temurin-21.0.10+7 (21.0.10+7) (build 21.0.10+7-LTS)
# Java VM: OpenJDK 64-Bit Server VM Temurin-21.0.10+7 (21.0.10+7-LTS, mixed mode, sharing, tiered, compressed oops, compressed class ptrs, parallel gc, windows-amd64)
GC Precious Log:
 CardTable entry size: 512
 CPUs: 8 total, 8 available
 Memory: 16266M
 Large Page Support: Disabled
 NUMA Support: Disabled
 Compressed Oops: Enabled (32-bit)
 Alignments: Space 512K, Generation 512K, Heap 2M
 Heap Min Capacity: 100M
 Heap Initial Capacity: 100M
 Heap Max Capacity: 2G
 Pre-touch: Disabled
 Parallel Workers: 8
Heap:
 PSYoungGen      total 3072K, used 2042K [0x00000000d5580000, 0x00000000d5a00000, 0x0000000100000000)
  eden space 2560K, 67% used [0x00000000d5580000,0x00000000d572eab8,0x00000000d5800000)
  from space 512K, 62% used [0x00000000d5900000,0x00000000d5950020,0x00000000d5980000)
  to   space 512K, 0% used [0x00000000d5980000,0x00000000d5980000,0x00000000d5a00000)
 ParOldGen       total 311808K, used 311321K [0x0000000080000000, 0x0000000093080000, 0x00000000d5580000)
  object space 311808K, 99% used [0x0000000080000000,0x0000000093006700,0x0000000093080000)
 Metaspace       used 108044K, committed 110016K, reserved 1179648K
  class space    used 10474K, committed 11392K, reserved 1048576K
GC Heap History (20 events):
Event: 182494.707 GC heap before
{Heap before GC invocations=21121 (full 27):
 PSYoungGen      total 2560K, used 2548K [0x00000000d5580000, 0x00000000d5b00000, 0x0000000100000000)
  eden space 1536K, 99% used [0x00000000d5580000,0x00000000d56fe2d0,0x00000000d5700000)
  from space 1024K, 99% used [0x00000000d5880000,0x00000000d597ed50,0x00000000d5980000)
  to   space 1536K, 0% used [0x00000000d5980000,0x00000000d5980000,0x00000000d5b00000)
 ParOldGen       total 309248K, used 309207K [0x0000000080000000, 0x0000000092e00000, 0x00000000d5580000)
  object space 309248K, 99% used [0x0000000080000000,0x0000000092df5e18,0x0000000092e00000)
 Metaspace       used 107806K, committed 109696K, reserved 1179648K
  class space    used 10430K, committed 11328K, reserved 1048576K
}
Event: 182494.708 GC heap after
{Heap after GC invocations=21121 (full 27):
 PSYoungGen      total 2560K, used 384K [0x00000000d5580000, 0x00000000d5a00000, 0x0000000100000000)
  eden space 2048K, 0% used [0x00000000d5580000,0x00000000d5580000,0x00000000d5780000)
  from space 512K, 75% used [0x00000000d5980000,0x00000000d59e0000,0x00000000d5a00000)
  to   space 1024K, 0% used [0x00000000d5800000,0x00000000d5800000,0x00000000d5900000)
 ParOldGen       total 310272K, used 310204K [0x0000000080000000, 0x0000000092f00000, 0x00000000d5580000)
  object space 310272K, 99% used [0x0000000080000000,0x0000000092eef090,0x0000000092f00000)
 Metaspace       used 107806K, committed 109696K, reserved 1179648K
  class space    used 10430K, committed 11328K, reserved 1048576K
}
Event: 182494.712 GC heap before
{Heap before GC invocations=21122 (full 27):
 PSYoungGen      total 2560K, used 2432K [0x00000000d5580000, 0x00000000d5a00000, 0x0000000100000000)
  eden space 2048K, 100% used [0x00000000d5580000,0x00000000d5780000,0x00000000d5780000)
  from space 512K, 75% used [0x00000000d5980000,0x00000000d59e0000,0x00000000d5a00000)
  to   space 1024K, 0% used [0x00000000d5800000,0x00000000d5800000,0x00000000d5900000)
 ParOldGen       total 310272K, used 310204K [0x0000000080000000, 0x0000000092f00000, 0x00000000d5580000)
  object space 310272K, 99% used [0x0000000080000000,0x0000000092eef090,0x0000000092f00000)
 Metaspace       used 107806K, committed 109696K, reserved 1179648K
  class space    used 10430K, committed 11328K, reserved 1048576K
}
Event: 182494.713 GC heap after
{Heap after GC invocations=21122 (full 27):
 PSYoungGen      total 3584K, used 384K [0x00000000d5580000, 0x00000000d5a00000, 0x0000000100000000)
  eden space 2560K, 0% used [0x00000000d5580000,0x00000000d5580000,0x00000000d5800000)
  from space 1024K, 37% used [0x00000000d5800000,0x00000000d5860000,0x00000000d5900000)
  to   space 512K, 0% used [0x00000000d5980000,0x00000000d5980000,0x00000000d5a00000)
 ParOldGen       total 310784K, used 310499K [0x0000000080000000, 0x0000000092f80000, 0x00000000d5580000)
  object space 310784K, 99% used [0x0000000080000000,0x0000000092f38d08,0x0000000092f80000)
 Metaspace       used 107806K, committed 109696K, reserved 1179648K
  class space    used 10430K, committed 11328K, reserved 1048576K
}
Event: 182494.720 GC heap before
{Heap before GC invocations=21123 (full 27):
 PSYoungGen      total 3584K, used 2944K [0x00000000d5580000, 0x00000000d5a00000, 0x0000000100000000)
  eden space 2560K, 100% used [0x00000000d5580000,0x00000000d5800000,0x00000000d5800000)
  from space 1024K, 37% used [0x00000000d5800000,0x00000000d5860000,0x00000000d5900000)
  to   space 512K, 0% used [0x00000000d5980000,0x00000000d5980000,0x00000000d5a00000)
 ParOldGen       total 310784K, used 310499K [0x0000000080000000, 0x0000000092f80000, 0x00000000d5580000)
  object space 310784K, 99% used [0x0000000080000000,0x0000000092f38d08,0x0000000092f80000)
 Metaspace       used 107806K, committed 109696K, reserved 1179648K
  class space    used 10430K, committed 11328K, reserved 1048576K
}
Event: 182494.720 GC heap after
{Heap after GC invocations=21123 (full 27):
 PSYoungGen      total 3072K, used 448K [0x00000000d5580000, 0x00000000d5a00000, 0x0000000100000000)
  eden space 2560K, 0% used [0x00000000d5580000,0x00000000d5580000,0x00000000d5800000)
  from space 512K, 87% used [0x00000000d5980000,0x00000000d59f0000,0x00000000d5a00000)
  to   space 512K, 0% used [0x00000000d5900000,0x00000000d5900000,0x00000000d5980000)
 ParOldGen       total 310784K, used 310779K [0x0000000080000000, 0x0000000092f80000, 0x00000000d5580000)
  object space 310784K, 99% used [0x0000000080000000,0x0000000092f7ed08,0x0000000092f80000)
 Metaspace       used 107806K, committed 109696K, reserved 1179648K
  class space    used 10430K, committed 11328K, reserved 1048576K
}
Event: 182495.366 GC heap before
{Heap before GC invocations=21124 (full 27):
 PSYoungGen      total 3072K, used 2992K [0x00000000d5580000, 0x00000000d5a00000, 0x0000000100000000)
  eden space 2560K, 99% used [0x00000000d5580000,0x00000000d57fc068,0x00000000d5800000)
  from space 512K, 87% used [0x00000000d5980000,0x00000000d59f0000,0x00000000d5a00000)
  to   space 512K, 0% used [0x00000000d5900000,0x00000000d5900000,0x00000000d5980000)
 ParOldGen       total 310784K, used 310779K [0x0000000080000000, 0x0000000092f80000, 0x00000000d5580000)
  object space 310784K, 99% used [0x0000000080000000,0x0000000092f7ed08,0x0000000092f80000)
 Metaspace       used 107806K, committed 109696K, reserved 1179648K
  class space    used 10430K, committed 11328K, reserved 1048576K
}
Event: 182495.367 GC heap after
{Heap after GC invocations=21124 (full 27):
 PSYoungGen      total 3072K, used 256K [0x00000000d5580000, 0x00000000d5a00000, 0x0000000100000000)
  eden space 2560K, 0% used [0x00000000d5580000,0x00000000d5580000,0x00000000d5800000)
  from space 512K, 50% used [0x00000000d5900000,0x00000000d5940000,0x00000000d5980000)
  to   space 512K, 0% used [0x00000000d5980000,0x00000000d5980000,0x00000000d5a00000)
 ParOldGen       total 311296K, used 311089K [0x0000000080000000, 0x0000000093000000, 0x00000000d5580000)
  object space 311296K, 99% used [0x0000000080000000,0x0000000092fcc7a0,0x0000000093000000)
 Metaspace       used 107806K, committed 109696K, reserved 1179648K
  class space    used 10430K, committed 11328K, reserved 1048576K
}
Event: 182495.373 GC heap before
{Heap before GC invocations=21125 (full 27):
 PSYoungGen      total 3072K, used 2780K [0x00000000d5580000, 0x00000000d5a00000, 0x0000000100000000)
  eden space 2560K, 98% used [0x00000000d5580000,0x00000000d57f7120,0x00000000d5800000)
  from space 512K, 50% used [0x00000000d5900000,0x00000000d5940000,0x00000000d5980000)
  to   space 512K, 0% used [0x00000000d5980000,0x00000000d5980000,0x00000000d5a00000)
 ParOldGen       total 311296K, used 311089K [0x0000000080000000, 0x0000000093000000, 0x00000000d5580000)
  object space 311296K, 99% used [0x0000000080000000,0x0000000092fcc7a0,0x0000000093000000)
 Metaspace       used 107806K, committed 109696K, reserved 1179648K
  class space    used 10430K, committed 11328K, reserved 1048576K
}
Event: 182495.373 GC heap after
{Heap after GC invocations=21125 (full 27):
 PSYoungGen      total 3072K, used 192K [0x00000000d5580000, 0x00000000d5a00000, 0x0000000100000000)
  eden space 2560K, 0% used [0x00000000d5580000,0x00000000d5580000,0x00000000d5800000)
  from space 512K, 37% used [0x00000000d5980000,0x00000000d59b0000,0x00000000d5a00000)
  to   space 512K, 0% used [0x00000000d5900000,0x00000000d5900000,0x00000000d5980000)
 ParOldGen       total 311296K, used 311177K [0x0000000080000000, 0x0000000093000000, 0x00000000d5580000)
  object space 311296K, 99% used [0x0000000080000000,0x0000000092fe26b0,0x0000000093000000)
 Metaspace       used 107806K, committed 109696K, reserved 1179648K
  class space    used 10430K, committed 11328K, reserved 1048576K
}
Event: 182495.379 GC heap before
{Heap before GC invocations=21126 (full 27):
 PSYoungGen      total 3072K, used 2698K [0x00000000d5580000, 0x00000000d5a00000, 0x0000000100000000)
  eden space 2560K, 97% used [0x00000000d5580000,0x00000000d57f2ab8,0x00000000d5800000)
  from space 512K, 37% used [0x00000000d5980000,0x00000000d59b0000,0x00000000d5a00000)
  to   space 512K, 0% used [0x00000000d5900000,0x00000000d5900000,0x00000000d5980000)
 ParOldGen       total 311296K, used 311177K [0x0000000080000000, 0x0000000093000000, 0x00000000d5580000)
  object space 311296K, 99% used [0x0000000080000000,0x0000000092fe26b0,0x0000000093000000)
 Metaspace       used 107806K, committed 109696K, reserved 1179648K
  class space    used 10430K, committed 11328K, reserved 1048576K
}
Event: 182495.380 GC heap after
{Heap after GC invocations=21126 (full 27):
 PSYoungGen      total 3072K, used 224K [0x00000000d5580000, 0x00000000d5a00000, 0x0000000100000000)
  eden space 2560K, 0% used [0x00000000d5580000,0x00000000d5580000,0x00000000d5800000)
  from space 512K, 43% used [0x00000000d5900000,0x00000000d5938000,0x00000000d5980000)
  to   space 512K, 0% used [0x00000000d5980000,0x00000000d5980000,0x00000000d5a00000)
 ParOldGen       total 311296K, used 311177K [0x0000000080000000, 0x0000000093000000, 0x00000000d5580000)
  object space 311296K, 99% used [0x0000000080000000,0x0000000092fe26b0,0x0000000093000000)
 Metaspace       used 107806K, committed 109696K, reserved 1179648K
  class space    used 10430K, committed 11328K, reserved 1048576K
}
Event: 182495.385 GC heap before
{Heap before GC invocations=21127 (full 27):
 PSYoungGen      total 3072K, used 2763K [0x00000000d5580000, 0x00000000d5a00000, 0x0000000100000000)
  eden space 2560K, 99% used [0x00000000d5580000,0x00000000d57fac60,0x00000000d5800000)
  from space 512K, 43% used [0x00000000d5900000,0x00000000d5938000,0x00000000d5980000)
  to   space 512K, 0% used [0x00000000d5980000,0x00000000d5980000,0x00000000d5a00000)
 ParOldGen       total 311296K, used 311177K [0x0000000080000000, 0x0000000093000000, 0x00000000d5580000)
  object space 311296K, 99% used [0x0000000080000000,0x0000000092fe26b0,0x0000000093000000)
 Metaspace       used 107806K, committed 109696K, reserved 1179648K
  class space    used 10430K, committed 11328K, reserved 1048576K
}
Event: 182495.386 GC heap after
{Heap after GC invocations=21127 (full 27):
 PSYoungGen      total 3072K, used 256K [0x00000000d5580000, 0x00000000d5a00000, 0x0000000100000000)
  eden space 2560K, 0% used [0x00000000d5580000,0x00000000d5580000,0x00000000d5800000)
  from space 512K, 50% used [0x00000000d5980000,0x00000000d59c0000,0x00000000d5a00000)
  to   space 512K, 0% used [0x00000000d5900000,0x00000000d5900000,0x00000000d5980000)
 ParOldGen       total 311296K, used 311177K [0x0000000080000000, 0x0000000093000000, 0x00000000d5580000)
  object space 311296K, 99% used [0x0000000080000000,0x0000000092fe26b0,0x0000000093000000)
 Metaspace       used 107806K, committed 109696K, reserved 1179648K
  class space    used 10430K, committed 11328K, reserved 1048576K
}
Event: 182497.776 GC heap before
{Heap before GC invocations=21128 (full 27):
 PSYoungGen      total 3072K, used 2814K [0x00000000d5580000, 0x00000000d5a00000, 0x0000000100000000)
  eden space 2560K, 99% used [0x00000000d5580000,0x00000000d57ffae0,0x00000000d5800000)
  from space 512K, 50% used [0x00000000d5980000,0x00000000d59c0000,0x00000000d5a00000)
  to   space 512K, 0% used [0x00000000d5900000,0x00000000d5900000,0x00000000d5980000)
 ParOldGen       total 311296K, used 311177K [0x0000000080000000, 0x0000000093000000, 0x00000000d5580000)
  object space 311296K, 99% used [0x0000000080000000,0x0000000092fe26b0,0x0000000093000000)
 Metaspace       used 107806K, committed 109696K, reserved 1179648K
  class space    used 10430K, committed 11328K, reserved 1048576K
}
Event: 182497.778 GC heap after
{Heap after GC invocations=21128 (full 27):
 PSYoungGen      total 3072K, used 256K [0x00000000d5580000, 0x00000000d5a00000, 0x0000000100000000)
  eden space 2560K, 0% used [0x00000000d5580000,0x00000000d5580000,0x00000000d5800000)
  from space 512K, 50% used [0x00000000d5900000,0x00000000d5940000,0x00000000d5980000)
  to   space 512K, 0% used [0x00000000d5980000,0x00000000d5980000,0x00000000d5a00000)
 ParOldGen       total 311296K, used 311177K [0x0000000080000000, 0x0000000093000000, 0x00000000d5580000)
  object space 311296K, 99% used [0x0000000080000000,0x0000000092fe26b0,0x0000000093000000)
 Metaspace       used 107806K, committed 109696K, reserved 1179648K
  class space    used 10430K, committed 11328K, reserved 1048576K
}
Event: 182562.486 GC heap before
{Heap before GC invocations=21129 (full 27):
 PSYoungGen      total 3072K, used 2815K [0x00000000d5580000, 0x00000000d5a00000, 0x0000000100000000)
  eden space 2560K, 99% used [0x00000000d5580000,0x00000000d57ffff8,0x00000000d5800000)
  from space 512K, 50% used [0x00000000d5900000,0x00000000d5940000,0x00000000d5980000)
  to   space 512K, 0% used [0x00000000d5980000,0x00000000d5980000,0x00000000d5a00000)
 ParOldGen       total 311296K, used 311177K [0x0000000080000000, 0x0000000093000000, 0x00000000d5580000)
  object space 311296K, 99% used [0x0000000080000000,0x0000000092fe26b0,0x0000000093000000)
 Metaspace       used 107883K, committed 109760K, reserved 1179648K
  class space    used 10445K, committed 11328K, reserved 1048576K
}
Event: 182562.488 GC heap after
{Heap after GC invocations=21129 (full 27):
 PSYoungGen      total 3072K, used 256K [0x00000000d5580000, 0x00000000d5a00000, 0x0000000100000000)
  eden space 2560K, 0% used [0x00000000d5580000,0x00000000d5580000,0x00000000d5800000)
  from space 512K, 50% used [0x00000000d5980000,0x00000000d59c0000,0x00000000d5a00000)
  to   space 512K, 0% used [0x00000000d5900000,0x00000000d5900000,0x00000000d5980000)
 ParOldGen       total 311296K, used 311273K [0x0000000080000000, 0x0000000093000000, 0x00000000d5580000)
  object space 311296K, 99% used [0x0000000080000000,0x0000000092ffa700,0x0000000093000000)
 Metaspace       used 107883K, committed 109760K, reserved 1179648K
  class space    used 10445K, committed 11328K, reserved 1048576K
}
Event: 182562.645 GC heap before
{Heap before GC invocations=21130 (full 27):
 PSYoungGen      total 3072K, used 2809K [0x00000000d5580000, 0x00000000d5a00000, 0x0000000100000000)
  eden space 2560K, 99% used [0x00000000d5580000,0x00000000d57fe590,0x00000000d5800000)
  from space 512K, 50% used [0x00000000d5980000,0x00000000d59c0000,0x00000000d5a00000)
  to   space 512K, 0% used [0x00000000d5900000,0x00000000d5900000,0x00000000d5980000)
 ParOldGen       total 311296K, used 311273K [0x0000000080000000, 0x0000000093000000, 0x00000000d5580000)
  object space 311296K, 99% used [0x0000000080000000,0x0000000092ffa700,0x0000000093000000)
 Metaspace       used 107992K, committed 109952K, reserved 1179648K
  class space    used 10466K, committed 11392K, reserved 1048576K
}
Event: 182562.648 GC heap after
{Heap after GC invocations=21130 (full 27):
 PSYoungGen      total 3072K, used 320K [0x00000000d5580000, 0x00000000d5a00000, 0x0000000100000000)
  eden space 2560K, 0% used [0x00000000d5580000,0x00000000d5580000,0x00000000d5800000)
  from space 512K, 62% used [0x00000000d5900000,0x00000000d5950020,0x00000000d5980000)
  to   space 512K, 0% used [0x00000000d5980000,0x00000000d5980000,0x00000000d5a00000)
 ParOldGen       total 311808K, used 311321K [0x0000000080000000, 0x0000000093080000, 0x00000000d5580000)
  object space 311808K, 99% used [0x0000000080000000,0x0000000093006700,0x0000000093080000)
 Metaspace       used 107992K, committed 109952K, reserved 1179648K
  class space    used 10466K, committed 11392K, reserved 1048576K
}

